<?xml version="1.0" encoding="UTF-8"?>
<testng-results ignored="0" total="2" passed="2" failed="0" skipped="0">
  <reporter-output>
  </reporter-output>
  <suite started-at="2019-12-09T10:32:33 IST" name="Default suite" finished-at="2019-12-09T10:34:19 IST" duration-ms="106524">
    <groups>
    </groups>
    <test started-at="2019-12-09T10:32:33 IST" name="Default test" finished-at="2019-12-09T10:34:19 IST" duration-ms="106524">
      <class name="com.atmecs.php.test.PhpTravels">
        <test-method is-config="true" signature="browserLaunch()[pri:0, instance:com.atmecs.php.test.PhpTravels@2473d930]" started-at="2019-12-09T10:32:33 IST" name="browserLaunch" finished-at="2019-12-09T10:32:49 IST" duration-ms="16406" status="PASS">
          <reporter-output>
          </reporter-output>
        </test-method> <!-- browserLaunch -->
        <test-method is-config="true" signature="checkFrames()[pri:0, instance:com.atmecs.php.test.PhpTravels@2473d930]" started-at="2019-12-09T10:32:49 IST" name="checkFrames" finished-at="2019-12-09T10:33:20 IST" duration-ms="30491" status="PASS">
          <reporter-output>
          </reporter-output>
        </test-method> <!-- checkFrames -->
        <test-method signature="bookingHotel()[pri:1, instance:com.atmecs.php.test.PhpTravels@2473d930]" started-at="2019-12-09T10:33:20 IST" name="bookingHotel" finished-at="2019-12-09T10:33:37 IST" duration-ms="16889" status="PASS">
          <reporter-output>
          </reporter-output>
        </test-method> <!-- bookingHotel -->
        <test-method is-config="true" signature="checkFrames()[pri:0, instance:com.atmecs.php.test.PhpTravels@2473d930]" started-at="2019-12-09T10:33:37 IST" name="checkFrames" finished-at="2019-12-09T10:34:07 IST" duration-ms="30475" status="PASS">
          <reporter-output>
          </reporter-output>
        </test-method> <!-- checkFrames -->
        <test-method signature="identifyHotel()[pri:2, instance:com.atmecs.php.test.PhpTravels@2473d930]" started-at="2019-12-09T10:34:07 IST" name="identifyHotel" finished-at="2019-12-09T10:34:19 IST" duration-ms="12204" status="PASS">
          <reporter-output>
          </reporter-output>
        </test-method> <!-- identifyHotel -->
      </class> <!-- com.atmecs.php.test.PhpTravels -->
    </test> <!-- Default test -->
  </suite> <!-- Default suite -->
</testng-results>
