<?xml version="1.0" encoding="UTF-8"?>
<testng-results ignored="0" total="2" passed="2" failed="0" skipped="0">
  <reporter-output>
  </reporter-output>
  <suite started-at="2019-12-04T20:42:42 IST" name="Default suite" finished-at="2019-12-04T20:43:34 IST" duration-ms="51980">
    <groups>
    </groups>
    <test started-at="2019-12-04T20:42:42 IST" name="Default test" finished-at="2019-12-04T20:43:34 IST" duration-ms="51980">
      <class name="com.atmecs.php.test.PhpTravels">
        <test-method is-config="true" signature="browserLaunch()[pri:0, instance:com.atmecs.php.test.PhpTravels@6ef888f6]" started-at="2019-12-04T20:42:42 IST" name="browserLaunch" finished-at="2019-12-04T20:43:01 IST" duration-ms="18728" status="PASS">
          <reporter-output>
          </reporter-output>
        </test-method> <!-- browserLaunch -->
        <test-method signature="bookingHotel()[pri:1, instance:com.atmecs.php.test.PhpTravels@6ef888f6]" started-at="2019-12-04T20:43:01 IST" name="bookingHotel" finished-at="2019-12-04T20:43:21 IST" duration-ms="20064" status="PASS">
          <reporter-output>
          </reporter-output>
        </test-method> <!-- bookingHotel -->
        <test-method signature="identifyHotel()[pri:2, instance:com.atmecs.php.test.PhpTravels@6ef888f6]" started-at="2019-12-04T20:43:21 IST" name="identifyHotel" finished-at="2019-12-04T20:43:34 IST" duration-ms="13130" status="PASS">
          <reporter-output>
          </reporter-output>
        </test-method> <!-- identifyHotel -->
      </class> <!-- com.atmecs.php.test.PhpTravels -->
    </test> <!-- Default test -->
  </suite> <!-- Default suite -->
</testng-results>
